<?xml version="1.0" encoding="UTF-8"?>
<!-- Generated by org.testng.reporters.JUnitXMLReporter -->
<testsuite hostname="PILLAIs-MBP.local" ignored="0" name="Test" tests="5" failures="1" timestamp="07 Jan 2021 13:58:25 GMT" time="56.859" errors="0">
  <testcase name="basePageNavigation" time="10.219" classname="epam.FaceBookHome"/>
  <testcase name="basePageNavigation" time="9.264" classname="epam.FaceBookHome"/>
  <testcase name="basePageNavigation" time="8.271" classname="epam.FaceBookHome"/>
  <testcase name="checkFluentWait" time="12.712" classname="epam.TheInternet">
    <failure type="java.lang.AssertionError" message="expected [false] but found [true]">
      <![CDATA[java.lang.AssertionError: expected [false] but found [true]
at epam.TheInternet.checkFluentWait(TheInternet.java:64)
... Removed 29 stack frames]]>
    </failure>
  </testcase> <!-- checkFluentWait -->
  <testcase name="windowOperations" time="13.848" classname="epam.OtherFunctions"/>
</testsuite> <!-- Test -->
